<?xml version="1.0" encoding="utf-8"?><testsuites name="pytest tests"><testsuite name="pytest" errors="0" failures="0" skipped="0" tests="22" time="2.378" timestamp="2026-05-04T09:08:08.232845+00:00" hostname="agent-env-9da69117-ca6e-4707-a2e8-a678332df0de"><testcase classname="backend.tests.backend_test.TestAuth" name="test_admin_login_bad_creds" time="0.283" /><testcase classname="backend.tests.backend_test.TestAuth" name="test_auth_me_no_token" time="0.102" /><testcase classname="backend.tests.backend_test.TestAuth" name="test_auth_me_with_token" time="0.104" /><testcase classname="backend.tests.backend_test.TestAuth" name="test_auth_me_invalid_token" time="0.098" /><testcase classname="backend.tests.backend_test.TestVisits" name="test_checkin_creche" time="0.052" /><testcase classname="backend.tests.backend_test.TestVisits" name="test_checkin_lar" time="0.054" /><testcase classname="backend.tests.backend_test.TestVisits" name="test_checkin_invalid_inst" time="0.050" /><testcase classname="backend.tests.backend_test.TestVisits" name="test_active_visits_contains_created" time="0.049" /><testcase classname="backend.tests.backend_test.TestVisits" name="test_active_filter_creche" time="0.064" /><testcase classname="backend.tests.backend_test.TestVisits" name="test_active_filter_lar" time="0.049" /><testcase classname="backend.tests.backend_test.TestVisits" name="test_checkout_success" time="0.054" /><testcase classname="backend.tests.backend_test.TestVisits" name="test_checkout_already_done" time="0.054" /><testcase classname="backend.tests.backend_test.TestVisits" name="test_checkout_not_found" time="0.051" /><testcase classname="backend.tests.backend_test.TestAdminEndpoints" name="test_history_no_auth" time="0.099" /><testcase classname="backend.tests.backend_test.TestAdminEndpoints" name="test_stats_no_auth" time="0.162" /><testcase classname="backend.tests.backend_test.TestAdminEndpoints" name="test_export_no_auth" time="0.119" /><testcase classname="backend.tests.backend_test.TestAdminEndpoints" name="test_history_with_auth" time="0.105" /><testcase classname="backend.tests.backend_test.TestAdminEndpoints" name="test_history_filter_nome" time="0.109" /><testcase classname="backend.tests.backend_test.TestAdminEndpoints" name="test_history_filter_instituicao" time="0.128" /><testcase classname="backend.tests.backend_test.TestAdminEndpoints" name="test_stats_with_auth" time="0.118" /><testcase classname="backend.tests.backend_test.TestAdminEndpoints" name="test_export_csv" time="0.101" /><testcase classname="backend.tests.backend_test.TestAdminEndpoints" name="test_logout" time="0.284" /></testsuite></testsuites>