<?xml version="1.0" encoding="utf-8"?><testsuites name="pytest tests"><testsuite name="pytest" errors="0" failures="0" skipped="0" tests="30" time="4.200" timestamp="2026-06-01T10:05:38.822260+00:00" hostname="agent-env-9da69117-ca6e-4707-a2e8-a678332df0de"><testcase classname="backend.tests.test_brito_v3.TestAuth" name="test_login_admin_super" time="0.316" /><testcase classname="backend.tests.test_brito_v3.TestAuth" name="test_login_sede" time="0.116" /><testcase classname="backend.tests.test_brito_v3.TestAuth" name="test_login_paraiso_with_accent" time="0.135" /><testcase classname="backend.tests.test_brito_v3.TestAuth" name="test_login_paraiso_no_accent" time="0.117" /><testcase classname="backend.tests.test_brito_v3.TestAuth" name="test_login_lar" time="0.140" /><testcase classname="backend.tests.test_brito_v3.TestAuth" name="test_login_with_whitespace" time="0.108" /><testcase classname="backend.tests.test_brito_v3.TestAuth" name="test_login_bad_password" time="0.132" /><testcase classname="backend.tests.test_brito_v3.TestAuth" name="test_me_with_token" time="0.594" /><testcase classname="backend.tests.test_brito_v3.TestAuth" name="test_me_scope_sede" time="0.150" /><testcase classname="backend.tests.test_brito_v3.TestLocations" name="test_locations_count" time="0.094" /><testcase classname="backend.tests.test_brito_v3.TestLocations" name="test_paraiso_label_has_accent" time="0.112" /><testcase classname="backend.tests.test_brito_v3.TestBookings" name="test_telefone_required" time="0.101" /><testcase classname="backend.tests.test_brito_v3.TestBookings" name="test_telefone_whitespace_only_rejected" time="0.099" /><testcase classname="backend.tests.test_brito_v3.TestBookings" name="test_telefone_missing_field_rejected" time="0.103" /><testcase classname="backend.tests.test_brito_v3.TestAvailability" name="test_lunch_break_excluded_tuesday" time="0.108" /><testcase classname="backend.tests.test_brito_v3.TestAvailability" name="test_monday_afternoon_only_and_no_lunch" time="0.127" /><testcase classname="backend.tests.test_brito_v3.TestAvailability" name="test_booking_in_lunch_slot_rejected" time="0.111" /><testcase classname="backend.tests.test_brito_v3.TestStats" name="test_stats_has_new_fields" time="0.123" /><testcase classname="backend.tests.test_brito_v3.TestStats" name="test_stats_por_local_scope_sede" time="0.106" /><testcase classname="backend.tests.test_brito_v3.TestStats" name="test_stats_por_local_scope_paraiso" time="0.111" /><testcase classname="backend.tests.test_brito_v3.TestStats" name="test_stats_por_local_admin_sees_all" time="0.121" /><testcase classname="backend.tests.test_brito_v3.TestRBAC" name="test_utentes_sede_scope" time="0.118" /><testcase classname="backend.tests.test_brito_v3.TestRBAC" name="test_utentes_paraiso_scope" time="0.119" /><testcase classname="backend.tests.test_brito_v3.TestRBAC" name="test_utentes_lar_scope" time="0.104" /><testcase classname="backend.tests.test_brito_v3.TestRBAC" name="test_bookings_scope_sede" time="0.099" /><testcase classname="backend.tests.test_brito_v3.TestRBAC" name="test_saidas_scope_paraiso" time="0.102" /><testcase classname="backend.tests.test_brito_v3.TestRBAC" name="test_create_utente_outside_scope_forbidden" time="0.112" /><testcase classname="backend.tests.test_brito_v3.TestHistory" name="test_visits_history_requires_admin" time="0.106" /><testcase classname="backend.tests.test_brito_v3.TestHistory" name="test_visits_history_admin" time="0.109" /><testcase classname="backend.tests.test_brito_v3.TestHistory" name="test_saidas_status_todas_accepted" time="0.106" /></testsuite></testsuites>